versions pytest-8.0.0, python-3.12.1.final.0
cwd=C:\Users\owner\Desktop\PYTHON-TEST-FRAMEWORK\TEST_08_HOOKS
args=('--debug',)

  pytest_cmdline_main [hook]
      config: <_pytest.config.Config object at 0x00000291C0A499D0>
    pytest_plugin_registered [hook]
        plugin: <Session  exitstatus='<UNSET>' testsfailed=0 testscollected=0>
        plugin_name: session
        manager: <_pytest.config.PytestPluginManager object at 0x00000291C0B0D850>
    finish pytest_plugin_registered --> [] [hook]
    pytest_configure [hook]
        config: <_pytest.config.Config object at 0x00000291C0A499D0>
      pytest_plugin_registered [hook]
          plugin: <_pytest.cacheprovider.LFPlugin object at 0x00000291C0C6D7C0>
          plugin_name: lfplugin
          manager: <_pytest.config.PytestPluginManager object at 0x00000291C0B0D850>
      finish pytest_plugin_registered --> [] [hook]
      pytest_plugin_registered [hook]
          plugin: <_pytest.cacheprovider.NFPlugin object at 0x00000291C0C12960>
          plugin_name: nfplugin
          manager: <_pytest.config.PytestPluginManager object at 0x00000291C0B0D850>
      finish pytest_plugin_registered --> [] [hook]
    early skip of rewriting module: faulthandler [assertion]
      pytest_plugin_registered [hook]
          plugin: <class '_pytest.legacypath.LegacyTmpdirPlugin'>
          plugin_name: legacypath-tmpdir
          manager: <_pytest.config.PytestPluginManager object at 0x00000291C0B0D850>
      finish pytest_plugin_registered --> [] [hook]
    early skip of rewriting module: pdb [assertion]
    early skip of rewriting module: cmd [assertion]
    early skip of rewriting module: code [assertion]
    early skip of rewriting module: codeop [assertion]
      pytest_plugin_registered [hook]
          plugin: <_pytest.config.PytestPluginManager object at 0x00000291C0B0D850>
          plugin_name: 2825026328656
          manager: <_pytest.config.PytestPluginManager object at 0x00000291C0B0D850>
      finish pytest_plugin_registered --> [] [hook]
      pytest_plugin_registered [hook]
          plugin: <_pytest.config.Config object at 0x00000291C0A499D0>
          plugin_name: pytestconfig
          manager: <_pytest.config.PytestPluginManager object at 0x00000291C0B0D850>
      finish pytest_plugin_registered --> [] [hook]
      pytest_plugin_registered [hook]
          plugin: <module '_pytest.mark' from 'C:\\Users\\owner\\Desktop\\PYTHON-TEST-FRAMEWORK\\TEST_08_HOOKS\\venv\\Lib\\site-packages\\_pytest\\mark\\__init__.py'>
          plugin_name: mark
          manager: <_pytest.config.PytestPluginManager object at 0x00000291C0B0D850>
      finish pytest_plugin_registered --> [] [hook]
      pytest_plugin_registered [hook]
          plugin: <module '_pytest.main' from 'C:\\Users\\owner\\Desktop\\PYTHON-TEST-FRAMEWORK\\TEST_08_HOOKS\\venv\\Lib\\site-packages\\_pytest\\main.py'>
          plugin_name: main
          manager: <_pytest.config.PytestPluginManager object at 0x00000291C0B0D850>
      finish pytest_plugin_registered --> [] [hook]
      pytest_plugin_registered [hook]
          plugin: <module '_pytest.runner' from 'C:\\Users\\owner\\Desktop\\PYTHON-TEST-FRAMEWORK\\TEST_08_HOOKS\\venv\\Lib\\site-packages\\_pytest\\runner.py'>
          plugin_name: runner
          manager: <_pytest.config.PytestPluginManager object at 0x00000291C0B0D850>
      finish pytest_plugin_registered --> [] [hook]
      pytest_plugin_registered [hook]
          plugin: <module '_pytest.fixtures' from 'C:\\Users\\owner\\Desktop\\PYTHON-TEST-FRAMEWORK\\TEST_08_HOOKS\\venv\\Lib\\site-packages\\_pytest\\fixtures.py'>
          plugin_name: fixtures
          manager: <_pytest.config.PytestPluginManager object at 0x00000291C0B0D850>
      finish pytest_plugin_registered --> [] [hook]
      pytest_plugin_registered [hook]
          plugin: <module '_pytest.helpconfig' from 'C:\\Users\\owner\\Desktop\\PYTHON-TEST-FRAMEWORK\\TEST_08_HOOKS\\venv\\Lib\\site-packages\\_pytest\\helpconfig.py'>
          plugin_name: helpconfig
          manager: <_pytest.config.PytestPluginManager object at 0x00000291C0B0D850>
      finish pytest_plugin_registered --> [] [hook]
      pytest_plugin_registered [hook]
          plugin: <module '_pytest.python' from 'C:\\Users\\owner\\Desktop\\PYTHON-TEST-FRAMEWORK\\TEST_08_HOOKS\\venv\\Lib\\site-packages\\_pytest\\python.py'>
          plugin_name: python
          manager: <_pytest.config.PytestPluginManager object at 0x00000291C0B0D850>
      finish pytest_plugin_registered --> [] [hook]
      pytest_plugin_registered [hook]
          plugin: <module '_pytest.terminal' from 'C:\\Users\\owner\\Desktop\\PYTHON-TEST-FRAMEWORK\\TEST_08_HOOKS\\venv\\Lib\\site-packages\\_pytest\\terminal.py'>
          plugin_name: terminal
          manager: <_pytest.config.PytestPluginManager object at 0x00000291C0B0D850>
      finish pytest_plugin_registered --> [] [hook]
      pytest_plugin_registered [hook]
          plugin: <module '_pytest.debugging' from 'C:\\Users\\owner\\Desktop\\PYTHON-TEST-FRAMEWORK\\TEST_08_HOOKS\\venv\\Lib\\site-packages\\_pytest\\debugging.py'>
          plugin_name: debugging
          manager: <_pytest.config.PytestPluginManager object at 0x00000291C0B0D850>
      finish pytest_plugin_registered --> [] [hook]
      pytest_plugin_registered [hook]
          plugin: <module '_pytest.unittest' from 'C:\\Users\\owner\\Desktop\\PYTHON-TEST-FRAMEWORK\\TEST_08_HOOKS\\venv\\Lib\\site-packages\\_pytest\\unittest.py'>
          plugin_name: unittest
          manager: <_pytest.config.PytestPluginManager object at 0x00000291C0B0D850>
      finish pytest_plugin_registered --> [] [hook]
      pytest_plugin_registered [hook]
          plugin: <module '_pytest.capture' from 'C:\\Users\\owner\\Desktop\\PYTHON-TEST-FRAMEWORK\\TEST_08_HOOKS\\venv\\Lib\\site-packages\\_pytest\\capture.py'>
          plugin_name: capture
          manager: <_pytest.config.PytestPluginManager object at 0x00000291C0B0D850>
      finish pytest_plugin_registered --> [] [hook]
      pytest_plugin_registered [hook]
          plugin: <module '_pytest.skipping' from 'C:\\Users\\owner\\Desktop\\PYTHON-TEST-FRAMEWORK\\TEST_08_HOOKS\\venv\\Lib\\site-packages\\_pytest\\skipping.py'>
          plugin_name: skipping
          manager: <_pytest.config.PytestPluginManager object at 0x00000291C0B0D850>
      finish pytest_plugin_registered --> [] [hook]
      pytest_plugin_registered [hook]
          plugin: <module '_pytest.legacypath' from 'C:\\Users\\owner\\Desktop\\PYTHON-TEST-FRAMEWORK\\TEST_08_HOOKS\\venv\\Lib\\site-packages\\_pytest\\legacypath.py'>
          plugin_name: legacypath
          manager: <_pytest.config.PytestPluginManager object at 0x00000291C0B0D850>
      finish pytest_plugin_registered --> [] [hook]
      pytest_plugin_registered [hook]
          plugin: <module '_pytest.tmpdir' from 'C:\\Users\\owner\\Desktop\\PYTHON-TEST-FRAMEWORK\\TEST_08_HOOKS\\venv\\Lib\\site-packages\\_pytest\\tmpdir.py'>
          plugin_name: tmpdir
          manager: <_pytest.config.PytestPluginManager object at 0x00000291C0B0D850>
      finish pytest_plugin_registered --> [] [hook]
      pytest_plugin_registered [hook]
          plugin: <module '_pytest.monkeypatch' from 'C:\\Users\\owner\\Desktop\\PYTHON-TEST-FRAMEWORK\\TEST_08_HOOKS\\venv\\Lib\\site-packages\\_pytest\\monkeypatch.py'>
          plugin_name: monkeypatch
          manager: <_pytest.config.PytestPluginManager object at 0x00000291C0B0D850>
      finish pytest_plugin_registered --> [] [hook]
      pytest_plugin_registered [hook]
          plugin: <module '_pytest.recwarn' from 'C:\\Users\\owner\\Desktop\\PYTHON-TEST-FRAMEWORK\\TEST_08_HOOKS\\venv\\Lib\\site-packages\\_pytest\\recwarn.py'>
          plugin_name: recwarn
          manager: <_pytest.config.PytestPluginManager object at 0x00000291C0B0D850>
      finish pytest_plugin_registered --> [] [hook]
      pytest_plugin_registered [hook]
          plugin: <module '_pytest.pastebin' from 'C:\\Users\\owner\\Desktop\\PYTHON-TEST-FRAMEWORK\\TEST_08_HOOKS\\venv\\Lib\\site-packages\\_pytest\\pastebin.py'>
          plugin_name: pastebin
          manager: <_pytest.config.PytestPluginManager object at 0x00000291C0B0D850>
      finish pytest_plugin_registered --> [] [hook]
      pytest_plugin_registered [hook]
          plugin: <module '_pytest.nose' from 'C:\\Users\\owner\\Desktop\\PYTHON-TEST-FRAMEWORK\\TEST_08_HOOKS\\venv\\Lib\\site-packages\\_pytest\\nose.py'>
          plugin_name: nose
          manager: <_pytest.config.PytestPluginManager object at 0x00000291C0B0D850>
      finish pytest_plugin_registered --> [] [hook]
      pytest_plugin_registered [hook]
          plugin: <module '_pytest.assertion' from 'C:\\Users\\owner\\Desktop\\PYTHON-TEST-FRAMEWORK\\TEST_08_HOOKS\\venv\\Lib\\site-packages\\_pytest\\assertion\\__init__.py'>
          plugin_name: assertion
          manager: <_pytest.config.PytestPluginManager object at 0x00000291C0B0D850>
      finish pytest_plugin_registered --> [] [hook]
      pytest_plugin_registered [hook]
          plugin: <module '_pytest.junitxml' from 'C:\\Users\\owner\\Desktop\\PYTHON-TEST-FRAMEWORK\\TEST_08_HOOKS\\venv\\Lib\\site-packages\\_pytest\\junitxml.py'>
          plugin_name: junitxml
          manager: <_pytest.config.PytestPluginManager object at 0x00000291C0B0D850>
      finish pytest_plugin_registered --> [] [hook]
      pytest_plugin_registered [hook]
          plugin: <module '_pytest.doctest' from 'C:\\Users\\owner\\Desktop\\PYTHON-TEST-FRAMEWORK\\TEST_08_HOOKS\\venv\\Lib\\site-packages\\_pytest\\doctest.py'>
          plugin_name: doctest
          manager: <_pytest.config.PytestPluginManager object at 0x00000291C0B0D850>
      finish pytest_plugin_registered --> [] [hook]
      pytest_plugin_registered [hook]
          plugin: <module '_pytest.cacheprovider' from 'C:\\Users\\owner\\Desktop\\PYTHON-TEST-FRAMEWORK\\TEST_08_HOOKS\\venv\\Lib\\site-packages\\_pytest\\cacheprovider.py'>
          plugin_name: cacheprovider
          manager: <_pytest.config.PytestPluginManager object at 0x00000291C0B0D850>
      finish pytest_plugin_registered --> [] [hook]
      pytest_plugin_registered [hook]
          plugin: <module '_pytest.freeze_support' from 'C:\\Users\\owner\\Desktop\\PYTHON-TEST-FRAMEWORK\\TEST_08_HOOKS\\venv\\Lib\\site-packages\\_pytest\\freeze_support.py'>
          plugin_name: freeze_support
          manager: <_pytest.config.PytestPluginManager object at 0x00000291C0B0D850>
      finish pytest_plugin_registered --> [] [hook]
      pytest_plugin_registered [hook]
          plugin: <module '_pytest.setuponly' from 'C:\\Users\\owner\\Desktop\\PYTHON-TEST-FRAMEWORK\\TEST_08_HOOKS\\venv\\Lib\\site-packages\\_pytest\\setuponly.py'>
          plugin_name: setuponly
          manager: <_pytest.config.PytestPluginManager object at 0x00000291C0B0D850>
      finish pytest_plugin_registered --> [] [hook]
      pytest_plugin_registered [hook]
          plugin: <module '_pytest.setupplan' from 'C:\\Users\\owner\\Desktop\\PYTHON-TEST-FRAMEWORK\\TEST_08_HOOKS\\venv\\Lib\\site-packages\\_pytest\\setupplan.py'>
          plugin_name: setupplan
          manager: <_pytest.config.PytestPluginManager object at 0x00000291C0B0D850>
      finish pytest_plugin_registered --> [] [hook]
      pytest_plugin_registered [hook]
          plugin: <module '_pytest.stepwise' from 'C:\\Users\\owner\\Desktop\\PYTHON-TEST-FRAMEWORK\\TEST_08_HOOKS\\venv\\Lib\\site-packages\\_pytest\\stepwise.py'>
          plugin_name: stepwise
          manager: <_pytest.config.PytestPluginManager object at 0x00000291C0B0D850>
      finish pytest_plugin_registered --> [] [hook]
      pytest_plugin_registered [hook]
          plugin: <module '_pytest.warnings' from 'C:\\Users\\owner\\Desktop\\PYTHON-TEST-FRAMEWORK\\TEST_08_HOOKS\\venv\\Lib\\site-packages\\_pytest\\warnings.py'>
          plugin_name: warnings
          manager: <_pytest.config.PytestPluginManager object at 0x00000291C0B0D850>
      finish pytest_plugin_registered --> [] [hook]
      pytest_plugin_registered [hook]
          plugin: <module '_pytest.logging' from 'C:\\Users\\owner\\Desktop\\PYTHON-TEST-FRAMEWORK\\TEST_08_HOOKS\\venv\\Lib\\site-packages\\_pytest\\logging.py'>
          plugin_name: logging
          manager: <_pytest.config.PytestPluginManager object at 0x00000291C0B0D850>
      finish pytest_plugin_registered --> [] [hook]
      pytest_plugin_registered [hook]
          plugin: <module '_pytest.reports' from 'C:\\Users\\owner\\Desktop\\PYTHON-TEST-FRAMEWORK\\TEST_08_HOOKS\\venv\\Lib\\site-packages\\_pytest\\reports.py'>
          plugin_name: reports
          manager: <_pytest.config.PytestPluginManager object at 0x00000291C0B0D850>
      finish pytest_plugin_registered --> [] [hook]
      pytest_plugin_registered [hook]
          plugin: <module '_pytest.python_path' from 'C:\\Users\\owner\\Desktop\\PYTHON-TEST-FRAMEWORK\\TEST_08_HOOKS\\venv\\Lib\\site-packages\\_pytest\\python_path.py'>
          plugin_name: python_path
          manager: <_pytest.config.PytestPluginManager object at 0x00000291C0B0D850>
      finish pytest_plugin_registered --> [] [hook]
      pytest_plugin_registered [hook]
          plugin: <module '_pytest.unraisableexception' from 'C:\\Users\\owner\\Desktop\\PYTHON-TEST-FRAMEWORK\\TEST_08_HOOKS\\venv\\Lib\\site-packages\\_pytest\\unraisableexception.py'>
          plugin_name: unraisableexception
          manager: <_pytest.config.PytestPluginManager object at 0x00000291C0B0D850>
      finish pytest_plugin_registered --> [] [hook]
      pytest_plugin_registered [hook]
          plugin: <module '_pytest.threadexception' from 'C:\\Users\\owner\\Desktop\\PYTHON-TEST-FRAMEWORK\\TEST_08_HOOKS\\venv\\Lib\\site-packages\\_pytest\\threadexception.py'>
          plugin_name: threadexception
          manager: <_pytest.config.PytestPluginManager object at 0x00000291C0B0D850>
      finish pytest_plugin_registered --> [] [hook]
      pytest_plugin_registered [hook]
          plugin: <module '_pytest.faulthandler' from 'C:\\Users\\owner\\Desktop\\PYTHON-TEST-FRAMEWORK\\TEST_08_HOOKS\\venv\\Lib\\site-packages\\_pytest\\faulthandler.py'>
          plugin_name: faulthandler
          manager: <_pytest.config.PytestPluginManager object at 0x00000291C0B0D850>
      finish pytest_plugin_registered --> [] [hook]
      pytest_plugin_registered [hook]
          plugin: <CaptureManager _method='fd' _global_capturing=<MultiCapture out=<FDCapture 1 oldfd=8 _state='suspended' tmpfile=<_io.TextIOWrapper name='<tempfile._TemporaryFileWrapper object at 0x00000291C0C1F5F0>' mode='r+' encoding='utf-8'>> err=<FDCapture 2 oldfd=10 _state='suspended' tmpfile=<_io.TextIOWrapper name='<tempfile._TemporaryFileWrapper object at 0x00000291C0C4CAA0>' mode='r+' encoding='utf-8'>> in_=<FDCapture 0 oldfd=6 _state='started' tmpfile=<_io.TextIOWrapper name='nul' mode='r' encoding='utf-8'>> _state='suspended' _in_suspended=False> _capture_fixture=None>
          plugin_name: capturemanager
          manager: <_pytest.config.PytestPluginManager object at 0x00000291C0B0D850>
      finish pytest_plugin_registered --> [] [hook]
      pytest_plugin_registered [hook]
          plugin: <Session  exitstatus=<ExitCode.OK: 0> testsfailed=0 testscollected=0>
          plugin_name: session
          manager: <_pytest.config.PytestPluginManager object at 0x00000291C0B0D850>
      finish pytest_plugin_registered --> [] [hook]
      pytest_plugin_registered [hook]
          plugin: <_pytest.cacheprovider.LFPlugin object at 0x00000291C0C6D7C0>
          plugin_name: lfplugin
          manager: <_pytest.config.PytestPluginManager object at 0x00000291C0B0D850>
      finish pytest_plugin_registered --> [] [hook]
      pytest_plugin_registered [hook]
          plugin: <_pytest.cacheprovider.NFPlugin object at 0x00000291C0C12960>
          plugin_name: nfplugin
          manager: <_pytest.config.PytestPluginManager object at 0x00000291C0B0D850>
      finish pytest_plugin_registered --> [] [hook]
      pytest_plugin_registered [hook]
          plugin: <class '_pytest.legacypath.LegacyTmpdirPlugin'>
          plugin_name: legacypath-tmpdir
          manager: <_pytest.config.PytestPluginManager object at 0x00000291C0B0D850>
      finish pytest_plugin_registered --> [] [hook]
      pytest_plugin_registered [hook]
          plugin: <_pytest.terminal.TerminalReporter object at 0x00000291C0C6D940>
          plugin_name: terminalreporter
          manager: <_pytest.config.PytestPluginManager object at 0x00000291C0B0D850>
      finish pytest_plugin_registered --> [] [hook]
      pytest_plugin_registered [hook]
          plugin: <_pytest.logging.LoggingPlugin object at 0x00000291C0C2A7B0>
          plugin_name: logging-plugin
          manager: <_pytest.config.PytestPluginManager object at 0x00000291C0B0D850>
      finish pytest_plugin_registered --> [] [hook]
    finish pytest_configure --> [] [hook]
    pytest_sessionstart [hook]
        session: <Session  exitstatus=<ExitCode.OK: 0> testsfailed=0 testscollected=0>
      pytest_plugin_registered [hook]
          plugin: <_pytest.config.PytestPluginManager object at 0x00000291C0B0D850>
          plugin_name: 2825026328656
          manager: <_pytest.config.PytestPluginManager object at 0x00000291C0B0D850>
      finish pytest_plugin_registered --> [] [hook]
      pytest_plugin_registered [hook]
          plugin: <_pytest.config.Config object at 0x00000291C0A499D0>
          plugin_name: pytestconfig
          manager: <_pytest.config.PytestPluginManager object at 0x00000291C0B0D850>
      finish pytest_plugin_registered --> [] [hook]
      pytest_plugin_registered [hook]
          plugin: <module '_pytest.mark' from 'C:\\Users\\owner\\Desktop\\PYTHON-TEST-FRAMEWORK\\TEST_08_HOOKS\\venv\\Lib\\site-packages\\_pytest\\mark\\__init__.py'>
          plugin_name: mark
          manager: <_pytest.config.PytestPluginManager object at 0x00000291C0B0D850>
      finish pytest_plugin_registered --> [] [hook]
      pytest_plugin_registered [hook]
          plugin: <module '_pytest.main' from 'C:\\Users\\owner\\Desktop\\PYTHON-TEST-FRAMEWORK\\TEST_08_HOOKS\\venv\\Lib\\site-packages\\_pytest\\main.py'>
          plugin_name: main
          manager: <_pytest.config.PytestPluginManager object at 0x00000291C0B0D850>
      finish pytest_plugin_registered --> [] [hook]
      pytest_plugin_registered [hook]
          plugin: <module '_pytest.runner' from 'C:\\Users\\owner\\Desktop\\PYTHON-TEST-FRAMEWORK\\TEST_08_HOOKS\\venv\\Lib\\site-packages\\_pytest\\runner.py'>
          plugin_name: runner
          manager: <_pytest.config.PytestPluginManager object at 0x00000291C0B0D850>
      finish pytest_plugin_registered --> [] [hook]
      pytest_plugin_registered [hook]
          plugin: <module '_pytest.fixtures' from 'C:\\Users\\owner\\Desktop\\PYTHON-TEST-FRAMEWORK\\TEST_08_HOOKS\\venv\\Lib\\site-packages\\_pytest\\fixtures.py'>
          plugin_name: fixtures
          manager: <_pytest.config.PytestPluginManager object at 0x00000291C0B0D850>
      finish pytest_plugin_registered --> [] [hook]
      pytest_plugin_registered [hook]
          plugin: <module '_pytest.helpconfig' from 'C:\\Users\\owner\\Desktop\\PYTHON-TEST-FRAMEWORK\\TEST_08_HOOKS\\venv\\Lib\\site-packages\\_pytest\\helpconfig.py'>
          plugin_name: helpconfig
          manager: <_pytest.config.PytestPluginManager object at 0x00000291C0B0D850>
      finish pytest_plugin_registered --> [] [hook]
      pytest_plugin_registered [hook]
          plugin: <module '_pytest.python' from 'C:\\Users\\owner\\Desktop\\PYTHON-TEST-FRAMEWORK\\TEST_08_HOOKS\\venv\\Lib\\site-packages\\_pytest\\python.py'>
          plugin_name: python
          manager: <_pytest.config.PytestPluginManager object at 0x00000291C0B0D850>
      finish pytest_plugin_registered --> [] [hook]
      pytest_plugin_registered [hook]
          plugin: <module '_pytest.terminal' from 'C:\\Users\\owner\\Desktop\\PYTHON-TEST-FRAMEWORK\\TEST_08_HOOKS\\venv\\Lib\\site-packages\\_pytest\\terminal.py'>
          plugin_name: terminal
          manager: <_pytest.config.PytestPluginManager object at 0x00000291C0B0D850>
      finish pytest_plugin_registered --> [] [hook]
      pytest_plugin_registered [hook]
          plugin: <module '_pytest.debugging' from 'C:\\Users\\owner\\Desktop\\PYTHON-TEST-FRAMEWORK\\TEST_08_HOOKS\\venv\\Lib\\site-packages\\_pytest\\debugging.py'>
          plugin_name: debugging
          manager: <_pytest.config.PytestPluginManager object at 0x00000291C0B0D850>
      finish pytest_plugin_registered --> [] [hook]
      pytest_plugin_registered [hook]
          plugin: <module '_pytest.unittest' from 'C:\\Users\\owner\\Desktop\\PYTHON-TEST-FRAMEWORK\\TEST_08_HOOKS\\venv\\Lib\\site-packages\\_pytest\\unittest.py'>
          plugin_name: unittest
          manager: <_pytest.config.PytestPluginManager object at 0x00000291C0B0D850>
      finish pytest_plugin_registered --> [] [hook]
      pytest_plugin_registered [hook]
          plugin: <module '_pytest.capture' from 'C:\\Users\\owner\\Desktop\\PYTHON-TEST-FRAMEWORK\\TEST_08_HOOKS\\venv\\Lib\\site-packages\\_pytest\\capture.py'>
          plugin_name: capture
          manager: <_pytest.config.PytestPluginManager object at 0x00000291C0B0D850>
      finish pytest_plugin_registered --> [] [hook]
      pytest_plugin_registered [hook]
          plugin: <module '_pytest.skipping' from 'C:\\Users\\owner\\Desktop\\PYTHON-TEST-FRAMEWORK\\TEST_08_HOOKS\\venv\\Lib\\site-packages\\_pytest\\skipping.py'>
          plugin_name: skipping
          manager: <_pytest.config.PytestPluginManager object at 0x00000291C0B0D850>
      finish pytest_plugin_registered --> [] [hook]
      pytest_plugin_registered [hook]
          plugin: <module '_pytest.legacypath' from 'C:\\Users\\owner\\Desktop\\PYTHON-TEST-FRAMEWORK\\TEST_08_HOOKS\\venv\\Lib\\site-packages\\_pytest\\legacypath.py'>
          plugin_name: legacypath
          manager: <_pytest.config.PytestPluginManager object at 0x00000291C0B0D850>
      finish pytest_plugin_registered --> [] [hook]
      pytest_plugin_registered [hook]
          plugin: <module '_pytest.tmpdir' from 'C:\\Users\\owner\\Desktop\\PYTHON-TEST-FRAMEWORK\\TEST_08_HOOKS\\venv\\Lib\\site-packages\\_pytest\\tmpdir.py'>
          plugin_name: tmpdir
          manager: <_pytest.config.PytestPluginManager object at 0x00000291C0B0D850>
      finish pytest_plugin_registered --> [] [hook]
      pytest_plugin_registered [hook]
          plugin: <module '_pytest.monkeypatch' from 'C:\\Users\\owner\\Desktop\\PYTHON-TEST-FRAMEWORK\\TEST_08_HOOKS\\venv\\Lib\\site-packages\\_pytest\\monkeypatch.py'>
          plugin_name: monkeypatch
          manager: <_pytest.config.PytestPluginManager object at 0x00000291C0B0D850>
      finish pytest_plugin_registered --> [] [hook]
      pytest_plugin_registered [hook]
          plugin: <module '_pytest.recwarn' from 'C:\\Users\\owner\\Desktop\\PYTHON-TEST-FRAMEWORK\\TEST_08_HOOKS\\venv\\Lib\\site-packages\\_pytest\\recwarn.py'>
          plugin_name: recwarn
          manager: <_pytest.config.PytestPluginManager object at 0x00000291C0B0D850>
      finish pytest_plugin_registered --> [] [hook]
      pytest_plugin_registered [hook]
          plugin: <module '_pytest.pastebin' from 'C:\\Users\\owner\\Desktop\\PYTHON-TEST-FRAMEWORK\\TEST_08_HOOKS\\venv\\Lib\\site-packages\\_pytest\\pastebin.py'>
          plugin_name: pastebin
          manager: <_pytest.config.PytestPluginManager object at 0x00000291C0B0D850>
      finish pytest_plugin_registered --> [] [hook]
      pytest_plugin_registered [hook]
          plugin: <module '_pytest.nose' from 'C:\\Users\\owner\\Desktop\\PYTHON-TEST-FRAMEWORK\\TEST_08_HOOKS\\venv\\Lib\\site-packages\\_pytest\\nose.py'>
          plugin_name: nose
          manager: <_pytest.config.PytestPluginManager object at 0x00000291C0B0D850>
      finish pytest_plugin_registered --> [] [hook]
      pytest_plugin_registered [hook]
          plugin: <module '_pytest.assertion' from 'C:\\Users\\owner\\Desktop\\PYTHON-TEST-FRAMEWORK\\TEST_08_HOOKS\\venv\\Lib\\site-packages\\_pytest\\assertion\\__init__.py'>
          plugin_name: assertion
          manager: <_pytest.config.PytestPluginManager object at 0x00000291C0B0D850>
      finish pytest_plugin_registered --> [] [hook]
      pytest_plugin_registered [hook]
          plugin: <module '_pytest.junitxml' from 'C:\\Users\\owner\\Desktop\\PYTHON-TEST-FRAMEWORK\\TEST_08_HOOKS\\venv\\Lib\\site-packages\\_pytest\\junitxml.py'>
          plugin_name: junitxml
          manager: <_pytest.config.PytestPluginManager object at 0x00000291C0B0D850>
      finish pytest_plugin_registered --> [] [hook]
      pytest_plugin_registered [hook]
          plugin: <module '_pytest.doctest' from 'C:\\Users\\owner\\Desktop\\PYTHON-TEST-FRAMEWORK\\TEST_08_HOOKS\\venv\\Lib\\site-packages\\_pytest\\doctest.py'>
          plugin_name: doctest
          manager: <_pytest.config.PytestPluginManager object at 0x00000291C0B0D850>
      finish pytest_plugin_registered --> [] [hook]
      pytest_plugin_registered [hook]
          plugin: <module '_pytest.cacheprovider' from 'C:\\Users\\owner\\Desktop\\PYTHON-TEST-FRAMEWORK\\TEST_08_HOOKS\\venv\\Lib\\site-packages\\_pytest\\cacheprovider.py'>
          plugin_name: cacheprovider
          manager: <_pytest.config.PytestPluginManager object at 0x00000291C0B0D850>
      finish pytest_plugin_registered --> [] [hook]
      pytest_plugin_registered [hook]
          plugin: <module '_pytest.freeze_support' from 'C:\\Users\\owner\\Desktop\\PYTHON-TEST-FRAMEWORK\\TEST_08_HOOKS\\venv\\Lib\\site-packages\\_pytest\\freeze_support.py'>
          plugin_name: freeze_support
          manager: <_pytest.config.PytestPluginManager object at 0x00000291C0B0D850>
      finish pytest_plugin_registered --> [] [hook]
      pytest_plugin_registered [hook]
          plugin: <module '_pytest.setuponly' from 'C:\\Users\\owner\\Desktop\\PYTHON-TEST-FRAMEWORK\\TEST_08_HOOKS\\venv\\Lib\\site-packages\\_pytest\\setuponly.py'>
          plugin_name: setuponly
          manager: <_pytest.config.PytestPluginManager object at 0x00000291C0B0D850>
      finish pytest_plugin_registered --> [] [hook]
      pytest_plugin_registered [hook]
          plugin: <module '_pytest.setupplan' from 'C:\\Users\\owner\\Desktop\\PYTHON-TEST-FRAMEWORK\\TEST_08_HOOKS\\venv\\Lib\\site-packages\\_pytest\\setupplan.py'>
          plugin_name: setupplan
          manager: <_pytest.config.PytestPluginManager object at 0x00000291C0B0D850>
      finish pytest_plugin_registered --> [] [hook]
      pytest_plugin_registered [hook]
          plugin: <module '_pytest.stepwise' from 'C:\\Users\\owner\\Desktop\\PYTHON-TEST-FRAMEWORK\\TEST_08_HOOKS\\venv\\Lib\\site-packages\\_pytest\\stepwise.py'>
          plugin_name: stepwise
          manager: <_pytest.config.PytestPluginManager object at 0x00000291C0B0D850>
      finish pytest_plugin_registered --> [] [hook]
      pytest_plugin_registered [hook]
          plugin: <module '_pytest.warnings' from 'C:\\Users\\owner\\Desktop\\PYTHON-TEST-FRAMEWORK\\TEST_08_HOOKS\\venv\\Lib\\site-packages\\_pytest\\warnings.py'>
          plugin_name: warnings
          manager: <_pytest.config.PytestPluginManager object at 0x00000291C0B0D850>
      finish pytest_plugin_registered --> [] [hook]
      pytest_plugin_registered [hook]
          plugin: <module '_pytest.logging' from 'C:\\Users\\owner\\Desktop\\PYTHON-TEST-FRAMEWORK\\TEST_08_HOOKS\\venv\\Lib\\site-packages\\_pytest\\logging.py'>
          plugin_name: logging
          manager: <_pytest.config.PytestPluginManager object at 0x00000291C0B0D850>
      finish pytest_plugin_registered --> [] [hook]
      pytest_plugin_registered [hook]
          plugin: <module '_pytest.reports' from 'C:\\Users\\owner\\Desktop\\PYTHON-TEST-FRAMEWORK\\TEST_08_HOOKS\\venv\\Lib\\site-packages\\_pytest\\reports.py'>
          plugin_name: reports
          manager: <_pytest.config.PytestPluginManager object at 0x00000291C0B0D850>
      finish pytest_plugin_registered --> [] [hook]
      pytest_plugin_registered [hook]
          plugin: <module '_pytest.python_path' from 'C:\\Users\\owner\\Desktop\\PYTHON-TEST-FRAMEWORK\\TEST_08_HOOKS\\venv\\Lib\\site-packages\\_pytest\\python_path.py'>
          plugin_name: python_path
          manager: <_pytest.config.PytestPluginManager object at 0x00000291C0B0D850>
      finish pytest_plugin_registered --> [] [hook]
      pytest_plugin_registered [hook]
          plugin: <module '_pytest.unraisableexception' from 'C:\\Users\\owner\\Desktop\\PYTHON-TEST-FRAMEWORK\\TEST_08_HOOKS\\venv\\Lib\\site-packages\\_pytest\\unraisableexception.py'>
          plugin_name: unraisableexception
          manager: <_pytest.config.PytestPluginManager object at 0x00000291C0B0D850>
      finish pytest_plugin_registered --> [] [hook]
      pytest_plugin_registered [hook]
          plugin: <module '_pytest.threadexception' from 'C:\\Users\\owner\\Desktop\\PYTHON-TEST-FRAMEWORK\\TEST_08_HOOKS\\venv\\Lib\\site-packages\\_pytest\\threadexception.py'>
          plugin_name: threadexception
          manager: <_pytest.config.PytestPluginManager object at 0x00000291C0B0D850>
      finish pytest_plugin_registered --> [] [hook]
      pytest_plugin_registered [hook]
          plugin: <module '_pytest.faulthandler' from 'C:\\Users\\owner\\Desktop\\PYTHON-TEST-FRAMEWORK\\TEST_08_HOOKS\\venv\\Lib\\site-packages\\_pytest\\faulthandler.py'>
          plugin_name: faulthandler
          manager: <_pytest.config.PytestPluginManager object at 0x00000291C0B0D850>
      finish pytest_plugin_registered --> [] [hook]
      pytest_plugin_registered [hook]
          plugin: <CaptureManager _method='fd' _global_capturing=<MultiCapture out=<FDCapture 1 oldfd=8 _state='suspended' tmpfile=<_io.TextIOWrapper name='<tempfile._TemporaryFileWrapper object at 0x00000291C0C1F5F0>' mode='r+' encoding='utf-8'>> err=<FDCapture 2 oldfd=10 _state='suspended' tmpfile=<_io.TextIOWrapper name='<tempfile._TemporaryFileWrapper object at 0x00000291C0C4CAA0>' mode='r+' encoding='utf-8'>> in_=<FDCapture 0 oldfd=6 _state='started' tmpfile=<_io.TextIOWrapper name='nul' mode='r' encoding='utf-8'>> _state='suspended' _in_suspended=False> _capture_fixture=None>
          plugin_name: capturemanager
          manager: <_pytest.config.PytestPluginManager object at 0x00000291C0B0D850>
      finish pytest_plugin_registered --> [] [hook]
      pytest_plugin_registered [hook]
          plugin: <Session  exitstatus=<ExitCode.OK: 0> testsfailed=0 testscollected=0>
          plugin_name: session
          manager: <_pytest.config.PytestPluginManager object at 0x00000291C0B0D850>
      finish pytest_plugin_registered --> [] [hook]
      pytest_plugin_registered [hook]
          plugin: <_pytest.cacheprovider.LFPlugin object at 0x00000291C0C6D7C0>
          plugin_name: lfplugin
          manager: <_pytest.config.PytestPluginManager object at 0x00000291C0B0D850>
      finish pytest_plugin_registered --> [] [hook]
      pytest_plugin_registered [hook]
          plugin: <_pytest.cacheprovider.NFPlugin object at 0x00000291C0C12960>
          plugin_name: nfplugin
          manager: <_pytest.config.PytestPluginManager object at 0x00000291C0B0D850>
      finish pytest_plugin_registered --> [] [hook]
      pytest_plugin_registered [hook]
          plugin: <class '_pytest.legacypath.LegacyTmpdirPlugin'>
          plugin_name: legacypath-tmpdir
          manager: <_pytest.config.PytestPluginManager object at 0x00000291C0B0D850>
      finish pytest_plugin_registered --> [] [hook]
      pytest_plugin_registered [hook]
          plugin: <_pytest.terminal.TerminalReporter object at 0x00000291C0C6D940>
          plugin_name: terminalreporter
          manager: <_pytest.config.PytestPluginManager object at 0x00000291C0B0D850>
      finish pytest_plugin_registered --> [] [hook]
      pytest_plugin_registered [hook]
          plugin: <_pytest.logging.LoggingPlugin object at 0x00000291C0C2A7B0>
          plugin_name: logging-plugin
          manager: <_pytest.config.PytestPluginManager object at 0x00000291C0B0D850>
      finish pytest_plugin_registered --> [] [hook]
      pytest_plugin_registered [hook]
          plugin: <_pytest.fixtures.FixtureManager object at 0x00000291C0C6EC60>
          plugin_name: funcmanage
          manager: <_pytest.config.PytestPluginManager object at 0x00000291C0B0D850>
      finish pytest_plugin_registered --> [] [hook]
      pytest_report_header [hook]
          config: <_pytest.config.Config object at 0x00000291C0A499D0>
          start_path: C:\Users\owner\Desktop\PYTHON-TEST-FRAMEWORK\TEST_08_HOOKS
          startdir: C:\Users\owner\Desktop\PYTHON-TEST-FRAMEWORK\TEST_08_HOOKS
      finish pytest_report_header --> [['rootdir: C:\\Users\\owner\\Desktop\\PYTHON-TEST-FRAMEWORK\\TEST_08_HOOKS', 'configfile: pytest.ini'], ['using: pytest-8.0.0']] [hook]
    finish pytest_sessionstart --> [] [hook]
    pytest_collection [hook]
        session: <Session  exitstatus=<ExitCode.OK: 0> testsfailed=0 testscollected=0>
    perform_collect <Session  exitstatus=<ExitCode.OK: 0> testsfailed=0 testscollected=0> ['C:\\Users\\owner\\Desktop\\PYTHON-TEST-FRAMEWORK\\TEST_08_HOOKS'] [collection]
        pytest_collectstart [hook]
            collector: <Session  exitstatus=<ExitCode.OK: 0> testsfailed=0 testscollected=0>
        finish pytest_collectstart --> [] [hook]
        pytest_make_collect_report [hook]
            collector: <Session  exitstatus=<ExitCode.OK: 0> testsfailed=0 testscollected=0>
        processing argument (WindowsPath('C:/Users/owner/Desktop/PYTHON-TEST-FRAMEWORK/TEST_08_HOOKS'), []) [collection]
            pytest_collect_directory [hook]
                path: C:\Users\owner\Desktop\PYTHON-TEST-FRAMEWORK\TEST_08_HOOKS
                parent: <Session  exitstatus=<ExitCode.OK: 0> testsfailed=0 testscollected=0>
            finish pytest_collect_directory --> <Dir TEST_08_HOOKS> [hook]
        finish pytest_make_collect_report --> <CollectReport '' lenresult=1 outcome='passed'> [hook]
        pytest_collectreport [hook]
            report: <CollectReport '' lenresult=1 outcome='passed'>
        finish pytest_collectreport --> [] [hook]
    genitems <Dir TEST_08_HOOKS> [collection]
      pytest_collectstart [hook]
          collector: <Dir TEST_08_HOOKS>
      finish pytest_collectstart --> [] [hook]
      pytest_make_collect_report [hook]
          collector: <Dir TEST_08_HOOKS>
        pytest_ignore_collect [hook]
            config: <_pytest.config.Config object at 0x00000291C0A499D0>
            collection_path: C:\Users\owner\Desktop\PYTHON-TEST-FRAMEWORK\TEST_08_HOOKS\.pytest_cache
            path: C:\Users\owner\Desktop\PYTHON-TEST-FRAMEWORK\TEST_08_HOOKS\.pytest_cache
        finish pytest_ignore_collect --> True [hook]
        pytest_ignore_collect [hook]
            config: <_pytest.config.Config object at 0x00000291C0A499D0>
            collection_path: C:\Users\owner\Desktop\PYTHON-TEST-FRAMEWORK\TEST_08_HOOKS\README.md
            path: C:\Users\owner\Desktop\PYTHON-TEST-FRAMEWORK\TEST_08_HOOKS\README.md
        finish pytest_ignore_collect --> None [hook]
        pytest_collect_file [hook]
            parent: <Dir TEST_08_HOOKS>
            file_path: C:\Users\owner\Desktop\PYTHON-TEST-FRAMEWORK\TEST_08_HOOKS\README.md
            path: C:\Users\owner\Desktop\PYTHON-TEST-FRAMEWORK\TEST_08_HOOKS\README.md
        finish pytest_collect_file --> [] [hook]
        pytest_ignore_collect [hook]
            config: <_pytest.config.Config object at 0x00000291C0A499D0>
            collection_path: C:\Users\owner\Desktop\PYTHON-TEST-FRAMEWORK\TEST_08_HOOKS\log
            path: C:\Users\owner\Desktop\PYTHON-TEST-FRAMEWORK\TEST_08_HOOKS\log
        finish pytest_ignore_collect --> None [hook]
        pytest_collect_directory [hook]
            path: C:\Users\owner\Desktop\PYTHON-TEST-FRAMEWORK\TEST_08_HOOKS\log
            parent: <Dir TEST_08_HOOKS>
        finish pytest_collect_directory --> <Dir log> [hook]
        pytest_ignore_collect [hook]
            config: <_pytest.config.Config object at 0x00000291C0A499D0>
            collection_path: C:\Users\owner\Desktop\PYTHON-TEST-FRAMEWORK\TEST_08_HOOKS\pytest.ini
            path: C:\Users\owner\Desktop\PYTHON-TEST-FRAMEWORK\TEST_08_HOOKS\pytest.ini
        finish pytest_ignore_collect --> None [hook]
        pytest_collect_file [hook]
            parent: <Dir TEST_08_HOOKS>
            file_path: C:\Users\owner\Desktop\PYTHON-TEST-FRAMEWORK\TEST_08_HOOKS\pytest.ini
            path: C:\Users\owner\Desktop\PYTHON-TEST-FRAMEWORK\TEST_08_HOOKS\pytest.ini
        finish pytest_collect_file --> [] [hook]
        pytest_ignore_collect [hook]
            config: <_pytest.config.Config object at 0x00000291C0A499D0>
            collection_path: C:\Users\owner\Desktop\PYTHON-TEST-FRAMEWORK\TEST_08_HOOKS\pytestdebug.log
            path: C:\Users\owner\Desktop\PYTHON-TEST-FRAMEWORK\TEST_08_HOOKS\pytestdebug.log
        finish pytest_ignore_collect --> None [hook]
        pytest_collect_file [hook]
            parent: <Dir TEST_08_HOOKS>
            file_path: C:\Users\owner\Desktop\PYTHON-TEST-FRAMEWORK\TEST_08_HOOKS\pytestdebug.log
            path: C:\Users\owner\Desktop\PYTHON-TEST-FRAMEWORK\TEST_08_HOOKS\pytestdebug.log
        finish pytest_collect_file --> [] [hook]
        pytest_ignore_collect [hook]
            config: <_pytest.config.Config object at 0x00000291C0A499D0>
            collection_path: C:\Users\owner\Desktop\PYTHON-TEST-FRAMEWORK\TEST_08_HOOKS\report_833101.txt
            path: C:\Users\owner\Desktop\PYTHON-TEST-FRAMEWORK\TEST_08_HOOKS\report_833101.txt
        finish pytest_ignore_collect --> None [hook]
        pytest_collect_file [hook]
            parent: <Dir TEST_08_HOOKS>
            file_path: C:\Users\owner\Desktop\PYTHON-TEST-FRAMEWORK\TEST_08_HOOKS\report_833101.txt
            path: C:\Users\owner\Desktop\PYTHON-TEST-FRAMEWORK\TEST_08_HOOKS\report_833101.txt
        finish pytest_collect_file --> [] [hook]
        pytest_ignore_collect [hook]
            config: <_pytest.config.Config object at 0x00000291C0A499D0>
            collection_path: C:\Users\owner\Desktop\PYTHON-TEST-FRAMEWORK\TEST_08_HOOKS\report_923604.txt
            path: C:\Users\owner\Desktop\PYTHON-TEST-FRAMEWORK\TEST_08_HOOKS\report_923604.txt
        finish pytest_ignore_collect --> None [hook]
        pytest_collect_file [hook]
            parent: <Dir TEST_08_HOOKS>
            file_path: C:\Users\owner\Desktop\PYTHON-TEST-FRAMEWORK\TEST_08_HOOKS\report_923604.txt
            path: C:\Users\owner\Desktop\PYTHON-TEST-FRAMEWORK\TEST_08_HOOKS\report_923604.txt
        finish pytest_collect_file --> [] [hook]
        pytest_ignore_collect [hook]
            config: <_pytest.config.Config object at 0x00000291C0A499D0>
            collection_path: C:\Users\owner\Desktop\PYTHON-TEST-FRAMEWORK\TEST_08_HOOKS\requirements.txt
            path: C:\Users\owner\Desktop\PYTHON-TEST-FRAMEWORK\TEST_08_HOOKS\requirements.txt
        finish pytest_ignore_collect --> None [hook]
        pytest_collect_file [hook]
            parent: <Dir TEST_08_HOOKS>
            file_path: C:\Users\owner\Desktop\PYTHON-TEST-FRAMEWORK\TEST_08_HOOKS\requirements.txt
            path: C:\Users\owner\Desktop\PYTHON-TEST-FRAMEWORK\TEST_08_HOOKS\requirements.txt
        finish pytest_collect_file --> [] [hook]
        pytest_ignore_collect [hook]
            config: <_pytest.config.Config object at 0x00000291C0A499D0>
            collection_path: C:\Users\owner\Desktop\PYTHON-TEST-FRAMEWORK\TEST_08_HOOKS\tests
            path: C:\Users\owner\Desktop\PYTHON-TEST-FRAMEWORK\TEST_08_HOOKS\tests
        finish pytest_ignore_collect --> None [hook]
        pytest_collect_directory [hook]
            path: C:\Users\owner\Desktop\PYTHON-TEST-FRAMEWORK\TEST_08_HOOKS\tests
            parent: <Dir TEST_08_HOOKS>
        finish pytest_collect_directory --> <Dir tests> [hook]
        pytest_ignore_collect [hook]
            config: <_pytest.config.Config object at 0x00000291C0A499D0>
            collection_path: C:\Users\owner\Desktop\PYTHON-TEST-FRAMEWORK\TEST_08_HOOKS\venv
            path: C:\Users\owner\Desktop\PYTHON-TEST-FRAMEWORK\TEST_08_HOOKS\venv
        finish pytest_ignore_collect --> True [hook]
      finish pytest_make_collect_report --> <CollectReport '.' lenresult=2 outcome='passed'> [hook]
    genitems <Dir log> [collection]
      pytest_collectstart [hook]
          collector: <Dir log>
      finish pytest_collectstart --> [] [hook]
      pytest_make_collect_report [hook]
          collector: <Dir log>
        pytest_ignore_collect [hook]
            config: <_pytest.config.Config object at 0x00000291C0A499D0>
            collection_path: C:\Users\owner\Desktop\PYTHON-TEST-FRAMEWORK\TEST_08_HOOKS\log\pytesting.log
            path: C:\Users\owner\Desktop\PYTHON-TEST-FRAMEWORK\TEST_08_HOOKS\log\pytesting.log
        finish pytest_ignore_collect --> None [hook]
        pytest_collect_file [hook]
            parent: <Dir log>
            file_path: C:\Users\owner\Desktop\PYTHON-TEST-FRAMEWORK\TEST_08_HOOKS\log\pytesting.log
            path: C:\Users\owner\Desktop\PYTHON-TEST-FRAMEWORK\TEST_08_HOOKS\log\pytesting.log
        finish pytest_collect_file --> [] [hook]
      finish pytest_make_collect_report --> <CollectReport 'log' lenresult=0 outcome='passed'> [hook]
      pytest_collectreport [hook]
          report: <CollectReport 'log' lenresult=0 outcome='passed'>
      finish pytest_collectreport --> [] [hook]
    genitems <Dir tests> [collection]
      pytest_collectstart [hook]
          collector: <Dir tests>
      finish pytest_collectstart --> [] [hook]
      pytest_make_collect_report [hook]
          collector: <Dir tests>
        pytest_ignore_collect [hook]
            config: <_pytest.config.Config object at 0x00000291C0A499D0>
            collection_path: C:\Users\owner\Desktop\PYTHON-TEST-FRAMEWORK\TEST_08_HOOKS\tests\example1
            path: C:\Users\owner\Desktop\PYTHON-TEST-FRAMEWORK\TEST_08_HOOKS\tests\example1
        finish pytest_ignore_collect --> None [hook]
        pytest_collect_directory [hook]
            path: C:\Users\owner\Desktop\PYTHON-TEST-FRAMEWORK\TEST_08_HOOKS\tests\example1
            parent: <Dir tests>
        finish pytest_collect_directory --> <Dir example1> [hook]
      finish pytest_make_collect_report --> <CollectReport 'tests' lenresult=1 outcome='passed'> [hook]
    genitems <Dir example1> [collection]
      pytest_collectstart [hook]
          collector: <Dir example1>
      finish pytest_collectstart --> [] [hook]
      pytest_make_collect_report [hook]
          collector: <Dir example1>
      find_module called for: conftest [assertion]
      rewriting conftest file: 'C:\\Users\\owner\\Desktop\\PYTHON-TEST-FRAMEWORK\\TEST_08_HOOKS\\tests\\example1\\conftest.py' [assertion]
      found cached rewritten pyc for C:\Users\owner\Desktop\PYTHON-TEST-FRAMEWORK\TEST_08_HOOKS\tests\example1\conftest.py [assertion]
      loading conftestmodule <module 'conftest' from 'C:\\Users\\owner\\Desktop\\PYTHON-TEST-FRAMEWORK\\TEST_08_HOOKS\\tests\\example1\\conftest.py'> [pluginmanage]
        pytest_plugin_registered [hook]
            plugin: <module 'conftest' from 'C:\\Users\\owner\\Desktop\\PYTHON-TEST-FRAMEWORK\\TEST_08_HOOKS\\tests\\example1\\conftest.py'>
            plugin_name: C:\Users\owner\Desktop\PYTHON-TEST-FRAMEWORK\TEST_08_HOOKS\tests\example1\conftest.py
            manager: <_pytest.config.PytestPluginManager object at 0x00000291C0B0D850>
        finish pytest_plugin_registered --> [] [hook]
        pytest_ignore_collect [hook]
            config: <_pytest.config.Config object at 0x00000291C0A499D0>
            collection_path: C:\Users\owner\Desktop\PYTHON-TEST-FRAMEWORK\TEST_08_HOOKS\tests\example1\conftest.py
            path: C:\Users\owner\Desktop\PYTHON-TEST-FRAMEWORK\TEST_08_HOOKS\tests\example1\conftest.py
        finish pytest_ignore_collect --> None [hook]
        pytest_collect_file [hook]
            parent: <Dir example1>
            file_path: C:\Users\owner\Desktop\PYTHON-TEST-FRAMEWORK\TEST_08_HOOKS\tests\example1\conftest.py
            path: C:\Users\owner\Desktop\PYTHON-TEST-FRAMEWORK\TEST_08_HOOKS\tests\example1\conftest.py
        finish pytest_collect_file --> [] [hook]
        pytest_ignore_collect [hook]
            config: <_pytest.config.Config object at 0x00000291C0A499D0>
            collection_path: C:\Users\owner\Desktop\PYTHON-TEST-FRAMEWORK\TEST_08_HOOKS\tests\example1\test_example1.py
            path: C:\Users\owner\Desktop\PYTHON-TEST-FRAMEWORK\TEST_08_HOOKS\tests\example1\test_example1.py
        finish pytest_ignore_collect --> None [hook]
        pytest_collect_file [hook]
            parent: <Dir example1>
            file_path: C:\Users\owner\Desktop\PYTHON-TEST-FRAMEWORK\TEST_08_HOOKS\tests\example1\test_example1.py
            path: C:\Users\owner\Desktop\PYTHON-TEST-FRAMEWORK\TEST_08_HOOKS\tests\example1\test_example1.py
          pytest_pycollect_makemodule [hook]
              parent: <Dir example1>
              module_path: C:\Users\owner\Desktop\PYTHON-TEST-FRAMEWORK\TEST_08_HOOKS\tests\example1\test_example1.py
              path: C:\Users\owner\Desktop\PYTHON-TEST-FRAMEWORK\TEST_08_HOOKS\tests\example1\test_example1.py
          finish pytest_pycollect_makemodule --> <Module test_example1.py> [hook]
        finish pytest_collect_file --> [<Module test_example1.py>] [hook]
      finish pytest_make_collect_report --> <CollectReport 'tests/example1' lenresult=1 outcome='passed'> [hook]
    genitems <Module test_example1.py> [collection]
      pytest_collectstart [hook]
          collector: <Module test_example1.py>
      finish pytest_collectstart --> [] [hook]
      pytest_make_collect_report [hook]
          collector: <Module test_example1.py>
      find_module called for: test_example1 [assertion]
      matched test file 'C:\\Users\\owner\\Desktop\\PYTHON-TEST-FRAMEWORK\\TEST_08_HOOKS\\tests\\example1\\test_example1.py' [assertion]
      found cached rewritten pyc for C:\Users\owner\Desktop\PYTHON-TEST-FRAMEWORK\TEST_08_HOOKS\tests\example1\test_example1.py [assertion]
        pytest_pycollect_makeitem [hook]
            collector: <Module test_example1.py>
            name: @py_builtins
            obj: <module 'builtins' (built-in)>
        finish pytest_pycollect_makeitem --> None [hook]
        pytest_pycollect_makeitem [hook]
            collector: <Module test_example1.py>
            name: @pytest_ar
            obj: <module '_pytest.assertion.rewrite' from 'C:\\Users\\owner\\Desktop\\PYTHON-TEST-FRAMEWORK\\TEST_08_HOOKS\\venv\\Lib\\site-packages\\_pytest\\assertion\\rewrite.py'>
        finish pytest_pycollect_makeitem --> None [hook]
        pytest_pycollect_makeitem [hook]
            collector: <Module test_example1.py>
            name: pytest
            obj: <module 'pytest' from 'C:\\Users\\owner\\Desktop\\PYTHON-TEST-FRAMEWORK\\TEST_08_HOOKS\\venv\\Lib\\site-packages\\pytest\\__init__.py'>
        finish pytest_pycollect_makeitem --> None [hook]
        pytest_pycollect_makeitem [hook]
            collector: <Module test_example1.py>
            name: test_example1_pass
            obj: <function test_example1_pass at 0x00000291C24C02C0>
          pytest_generate_tests [hook]
              metafunc: <_pytest.python.Metafunc object at 0x00000291C0C1CB60>
          finish pytest_generate_tests --> [] [hook]
        finish pytest_pycollect_makeitem --> [<Function test_example1_pass>] [hook]
        pytest_pycollect_makeitem [hook]
            collector: <Module test_example1.py>
            name: test_example2_pass
            obj: <function test_example2_pass at 0x00000291C24C0360>
          pytest_generate_tests [hook]
              metafunc: <_pytest.python.Metafunc object at 0x00000291C0C1C110>
          finish pytest_generate_tests --> [] [hook]
        finish pytest_pycollect_makeitem --> [<Function test_example2_pass>] [hook]
        pytest_pycollect_makeitem [hook]
            collector: <Module test_example1.py>
            name: test_example3_fail
            obj: <function test_example3_fail at 0x00000291C24C0400>
          pytest_generate_tests [hook]
              metafunc: <_pytest.python.Metafunc object at 0x00000291C0C1F410>
          finish pytest_generate_tests --> [] [hook]
        finish pytest_pycollect_makeitem --> [<Function test_example3_fail>] [hook]
      finish pytest_make_collect_report --> <CollectReport 'tests/example1/test_example1.py' lenresult=3 outcome='passed'> [hook]
    genitems <Function test_example1_pass> [collection]
      pytest_itemcollected [hook]
          item: <Function test_example1_pass>
      finish pytest_itemcollected --> [] [hook]
    genitems <Function test_example2_pass> [collection]
      pytest_itemcollected [hook]
          item: <Function test_example2_pass>
      finish pytest_itemcollected --> [] [hook]
    genitems <Function test_example3_fail> [collection]
      pytest_itemcollected [hook]
          item: <Function test_example3_fail>
      finish pytest_itemcollected --> [] [hook]
      pytest_collectreport [hook]
          report: <CollectReport 'tests/example1/test_example1.py' lenresult=3 outcome='passed'>
      finish pytest_collectreport --> [] [hook]
      pytest_collectreport [hook]
          report: <CollectReport 'tests/example1' lenresult=1 outcome='passed'>
      finish pytest_collectreport --> [] [hook]
      pytest_collectreport [hook]
          report: <CollectReport 'tests' lenresult=1 outcome='passed'>
      finish pytest_collectreport --> [] [hook]
      pytest_collectreport [hook]
          report: <CollectReport '.' lenresult=2 outcome='passed'>
      finish pytest_collectreport --> [] [hook]
      pytest_collection_modifyitems [hook]
          session: <Session  exitstatus=<ExitCode.OK: 0> testsfailed=0 testscollected=0>
          config: <_pytest.config.Config object at 0x00000291C0A499D0>
          items: [<Function test_example1_pass>, <Function test_example2_pass>, <Function test_example3_fail>]
      finish pytest_collection_modifyitems --> [] [hook]
      pytest_collection_finish [hook]
          session: <Session  exitstatus=<ExitCode.OK: 0> testsfailed=0 testscollected=0>
        pytest_report_collectionfinish [hook]
            config: <_pytest.config.Config object at 0x00000291C0A499D0>
            items: [<Function test_example1_pass>, <Function test_example2_pass>, <Function test_example3_fail>]
            start_path: C:\Users\owner\Desktop\PYTHON-TEST-FRAMEWORK\TEST_08_HOOKS
            startdir: C:\Users\owner\Desktop\PYTHON-TEST-FRAMEWORK\TEST_08_HOOKS
        finish pytest_report_collectionfinish --> [] [hook]
      finish pytest_collection_finish --> [] [hook]
    finish pytest_collection --> None [hook]
    pytest_runtestloop [hook]
        session: <Session  exitstatus=<ExitCode.OK: 0> testsfailed=0 testscollected=3>
      pytest_runtest_protocol [hook]
          item: <Function test_example1_pass>
          nextitem: <Function test_example2_pass>
        pytest_runtest_logstart [hook]
            nodeid: tests/example1/test_example1.py::test_example1_pass
            location: ('tests\\example1\\test_example1.py', 3, 'test_example1_pass')
        finish pytest_runtest_logstart --> [] [hook]
        pytest_runtest_setup [hook]
            item: <Function test_example1_pass>
        finish pytest_runtest_setup --> None [hook]
        pytest_runtest_makereport [hook]
            item: <Function test_example1_pass>
            call: <CallInfo when='setup' result: None>
        finish pytest_runtest_makereport --> <TestReport 'tests/example1/test_example1.py::test_example1_pass' when='setup' outcome='passed'> [hook]
        pytest_runtest_logreport [hook]
            report: <TestReport 'tests/example1/test_example1.py::test_example1_pass' when='setup' outcome='passed'>
          pytest_report_teststatus [hook]
              report: <TestReport 'tests/example1/test_example1.py::test_example1_pass' when='setup' outcome='passed'>
              config: <_pytest.config.Config object at 0x00000291C0A499D0>
          finish pytest_report_teststatus --> ('', '', '') [hook]
        finish pytest_runtest_logreport --> [] [hook]
        pytest_runtest_call [hook]
            item: <Function test_example1_pass>
          pytest_pyfunc_call [hook]
              pyfuncitem: <Function test_example1_pass>
          finish pytest_pyfunc_call --> True [hook]
        finish pytest_runtest_call --> None [hook]
        pytest_runtest_makereport [hook]
            item: <Function test_example1_pass>
            call: <CallInfo when='call' result: None>
        finish pytest_runtest_makereport --> <TestReport 'tests/example1/test_example1.py::test_example1_pass' when='call' outcome='passed'> [hook]
        pytest_runtest_logreport [hook]
            report: <TestReport 'tests/example1/test_example1.py::test_example1_pass' when='call' outcome='passed'>
          pytest_report_teststatus [hook]
              report: <TestReport 'tests/example1/test_example1.py::test_example1_pass' when='call' outcome='passed'>
              config: <_pytest.config.Config object at 0x00000291C0A499D0>
          finish pytest_report_teststatus --> ('passed', '.', 'PASSED') [hook]
        finish pytest_runtest_logreport --> [] [hook]
        pytest_runtest_teardown [hook]
            item: <Function test_example1_pass>
            nextitem: <Function test_example2_pass>
        finish pytest_runtest_teardown --> None [hook]
        pytest_runtest_makereport [hook]
            item: <Function test_example1_pass>
            call: <CallInfo when='teardown' result: None>
        finish pytest_runtest_makereport --> <TestReport 'tests/example1/test_example1.py::test_example1_pass' when='teardown' outcome='passed'> [hook]
        pytest_runtest_logreport [hook]
            report: <TestReport 'tests/example1/test_example1.py::test_example1_pass' when='teardown' outcome='passed'>
          pytest_report_teststatus [hook]
              report: <TestReport 'tests/example1/test_example1.py::test_example1_pass' when='teardown' outcome='passed'>
              config: <_pytest.config.Config object at 0x00000291C0A499D0>
          finish pytest_report_teststatus --> ('', '', '') [hook]
        finish pytest_runtest_logreport --> [] [hook]
        pytest_runtest_logfinish [hook]
            nodeid: tests/example1/test_example1.py::test_example1_pass
            location: ('tests\\example1\\test_example1.py', 3, 'test_example1_pass')
        finish pytest_runtest_logfinish --> [] [hook]
      finish pytest_runtest_protocol --> True [hook]
      pytest_runtest_protocol [hook]
          item: <Function test_example2_pass>
          nextitem: <Function test_example3_fail>
        pytest_runtest_logstart [hook]
            nodeid: tests/example1/test_example1.py::test_example2_pass
            location: ('tests\\example1\\test_example1.py', 10, 'test_example2_pass')
        finish pytest_runtest_logstart --> [] [hook]
        pytest_runtest_setup [hook]
            item: <Function test_example2_pass>
        finish pytest_runtest_setup --> None [hook]
        pytest_runtest_makereport [hook]
            item: <Function test_example2_pass>
            call: <CallInfo when='setup' result: None>
        finish pytest_runtest_makereport --> <TestReport 'tests/example1/test_example1.py::test_example2_pass' when='setup' outcome='passed'> [hook]
        pytest_runtest_logreport [hook]
            report: <TestReport 'tests/example1/test_example1.py::test_example2_pass' when='setup' outcome='passed'>
          pytest_report_teststatus [hook]
              report: <TestReport 'tests/example1/test_example1.py::test_example2_pass' when='setup' outcome='passed'>
              config: <_pytest.config.Config object at 0x00000291C0A499D0>
          finish pytest_report_teststatus --> ('', '', '') [hook]
        finish pytest_runtest_logreport --> [] [hook]
        pytest_runtest_call [hook]
            item: <Function test_example2_pass>
          pytest_pyfunc_call [hook]
              pyfuncitem: <Function test_example2_pass>
          finish pytest_pyfunc_call --> True [hook]
        finish pytest_runtest_call --> None [hook]
        pytest_runtest_makereport [hook]
            item: <Function test_example2_pass>
            call: <CallInfo when='call' result: None>
        finish pytest_runtest_makereport --> <TestReport 'tests/example1/test_example1.py::test_example2_pass' when='call' outcome='passed'> [hook]
        pytest_runtest_logreport [hook]
            report: <TestReport 'tests/example1/test_example1.py::test_example2_pass' when='call' outcome='passed'>
          pytest_report_teststatus [hook]
              report: <TestReport 'tests/example1/test_example1.py::test_example2_pass' when='call' outcome='passed'>
              config: <_pytest.config.Config object at 0x00000291C0A499D0>
          finish pytest_report_teststatus --> ('passed', '.', 'PASSED') [hook]
        finish pytest_runtest_logreport --> [] [hook]
        pytest_runtest_teardown [hook]
            item: <Function test_example2_pass>
            nextitem: <Function test_example3_fail>
        finish pytest_runtest_teardown --> None [hook]
        pytest_runtest_makereport [hook]
            item: <Function test_example2_pass>
            call: <CallInfo when='teardown' result: None>
        finish pytest_runtest_makereport --> <TestReport 'tests/example1/test_example1.py::test_example2_pass' when='teardown' outcome='passed'> [hook]
        pytest_runtest_logreport [hook]
            report: <TestReport 'tests/example1/test_example1.py::test_example2_pass' when='teardown' outcome='passed'>
          pytest_report_teststatus [hook]
              report: <TestReport 'tests/example1/test_example1.py::test_example2_pass' when='teardown' outcome='passed'>
              config: <_pytest.config.Config object at 0x00000291C0A499D0>
          finish pytest_report_teststatus --> ('', '', '') [hook]
        finish pytest_runtest_logreport --> [] [hook]
        pytest_runtest_logfinish [hook]
            nodeid: tests/example1/test_example1.py::test_example2_pass
            location: ('tests\\example1\\test_example1.py', 10, 'test_example2_pass')
        finish pytest_runtest_logfinish --> [] [hook]
      finish pytest_runtest_protocol --> True [hook]
      pytest_runtest_protocol [hook]
          item: <Function test_example3_fail>
          nextitem: None
        pytest_runtest_logstart [hook]
            nodeid: tests/example1/test_example1.py::test_example3_fail
            location: ('tests\\example1\\test_example1.py', 16, 'test_example3_fail')
        finish pytest_runtest_logstart --> [] [hook]
        pytest_runtest_setup [hook]
            item: <Function test_example3_fail>
        finish pytest_runtest_setup --> None [hook]
        pytest_runtest_makereport [hook]
            item: <Function test_example3_fail>
            call: <CallInfo when='setup' result: None>
        finish pytest_runtest_makereport --> <TestReport 'tests/example1/test_example1.py::test_example3_fail' when='setup' outcome='passed'> [hook]
        pytest_runtest_logreport [hook]
            report: <TestReport 'tests/example1/test_example1.py::test_example3_fail' when='setup' outcome='passed'>
          pytest_report_teststatus [hook]
              report: <TestReport 'tests/example1/test_example1.py::test_example3_fail' when='setup' outcome='passed'>
              config: <_pytest.config.Config object at 0x00000291C0A499D0>
          finish pytest_report_teststatus --> ('', '', '') [hook]
        finish pytest_runtest_logreport --> [] [hook]
        pytest_runtest_call [hook]
            item: <Function test_example3_fail>
          pytest_pyfunc_call [hook]
              pyfuncitem: <Function test_example3_fail>
        pytest_runtest_makereport [hook]
            item: <Function test_example3_fail>
            call: <CallInfo when='call' excinfo=<ExceptionInfo AssertionError('assert False') tblen=36>>
        finish pytest_runtest_makereport --> <TestReport 'tests/example1/test_example1.py::test_example3_fail' when='call' outcome='failed'> [hook]
        pytest_runtest_logreport [hook]
            report: <TestReport 'tests/example1/test_example1.py::test_example3_fail' when='call' outcome='failed'>
          pytest_report_teststatus [hook]
              report: <TestReport 'tests/example1/test_example1.py::test_example3_fail' when='call' outcome='failed'>
              config: <_pytest.config.Config object at 0x00000291C0A499D0>
          finish pytest_report_teststatus --> ('failed', 'F', 'FAILED') [hook]
        finish pytest_runtest_logreport --> [] [hook]
        pytest_exception_interact [hook]
            node: <Function test_example3_fail>
            call: <CallInfo when='call' excinfo=<ExceptionInfo AssertionError('assert False') tblen=36>>
            report: <TestReport 'tests/example1/test_example1.py::test_example3_fail' when='call' outcome='failed'>
        finish pytest_exception_interact --> [] [hook]
        pytest_runtest_teardown [hook]
            item: <Function test_example3_fail>
            nextitem: None
        finish pytest_runtest_teardown --> None [hook]
        pytest_runtest_makereport [hook]
            item: <Function test_example3_fail>
            call: <CallInfo when='teardown' result: None>
        finish pytest_runtest_makereport --> <TestReport 'tests/example1/test_example1.py::test_example3_fail' when='teardown' outcome='passed'> [hook]
        pytest_runtest_logreport [hook]
            report: <TestReport 'tests/example1/test_example1.py::test_example3_fail' when='teardown' outcome='passed'>
          pytest_report_teststatus [hook]
              report: <TestReport 'tests/example1/test_example1.py::test_example3_fail' when='teardown' outcome='passed'>
              config: <_pytest.config.Config object at 0x00000291C0A499D0>
          finish pytest_report_teststatus --> ('', '', '') [hook]
        finish pytest_runtest_logreport --> [] [hook]
        pytest_runtest_logfinish [hook]
            nodeid: tests/example1/test_example1.py::test_example3_fail
            location: ('tests\\example1\\test_example1.py', 16, 'test_example3_fail')
        finish pytest_runtest_logfinish --> [] [hook]
      finish pytest_runtest_protocol --> True [hook]
    finish pytest_runtestloop --> True [hook]
    pytest_sessionfinish [hook]
        session: <Session  exitstatus=<ExitCode.TESTS_FAILED: 1> testsfailed=1 testscollected=3>
        exitstatus: 1
      pytest_terminal_summary [hook]
          terminalreporter: <_pytest.terminal.TerminalReporter object at 0x00000291C0C6D940>
          exitstatus: 1
          config: <_pytest.config.Config object at 0x00000291C0A499D0>
      early skip of rewriting module: pygments [assertion]
      early skip of rewriting module: pygments.formatters [assertion]
      early skip of rewriting module: pygments.formatters._mapping [assertion]
      early skip of rewriting module: pygments.plugin [assertion]
      early skip of rewriting module: pygments.util [assertion]
      early skip of rewriting module: pygments.formatters.terminal [assertion]
      early skip of rewriting module: pygments.formatter [assertion]
      early skip of rewriting module: pygments.styles [assertion]
      early skip of rewriting module: pygments.styles._mapping [assertion]
      early skip of rewriting module: pygments.token [assertion]
      early skip of rewriting module: pygments.console [assertion]
      early skip of rewriting module: pygments.lexers [assertion]
      early skip of rewriting module: pygments.lexers._mapping [assertion]
      early skip of rewriting module: pygments.modeline [assertion]
      early skip of rewriting module: pygments.lexers.python [assertion]
      early skip of rewriting module: pygments.lexer [assertion]
      early skip of rewriting module: pygments.filter [assertion]
      early skip of rewriting module: pygments.filters [assertion]
      early skip of rewriting module: pygments.regexopt [assertion]
      early skip of rewriting module: pygments.unistring [assertion]
        pytest_report_teststatus [hook]
            report: <TestReport 'tests/example1/test_example1.py::test_example3_fail' when='call' outcome='failed'>
            config: <_pytest.config.Config object at 0x00000291C0A499D0>
        finish pytest_report_teststatus --> ('failed', 'F', 'FAILED') [hook]
      finish pytest_terminal_summary --> [] [hook]
    finish pytest_sessionfinish --> [] [hook]
    pytest_unconfigure [hook]
        config: <_pytest.config.Config object at 0x00000291C0A499D0>
    finish pytest_unconfigure --> [] [hook]
